This is pdfTeX, Version 3.14159265-2.6-1.40.19 (MiKTeX 2.9.6630 64-bit) (preloaded format=pdflatex 2018.4.23)  23 APR 2018 16:00
entering extended mode
**./main.tex
(main.tex
LaTeX2e <2017-04-15>
Babel <3.18> and hyphenation patterns for 75 language(s) loaded.

("C:\Users\MikaelAxelsson\AppData\Local\Programs\MiKTeX 2.9\tex\latex\beamer\be
amer.cls"
Document Class: beamer 2018/02/20 v3.50 A class for typesetting presentations

("C:\Users\MikaelAxelsson\AppData\Local\Programs\MiKTeX 2.9\tex\latex\beamer\be
amerbasemodes.sty"
("C:\Users\MikaelAxelsson\AppData\Local\Programs\MiKTeX 2.9\tex\latex\etoolbox\
etoolbox.sty"
Package: etoolbox 2018/02/11 v2.5e e-TeX tools for LaTeX (JAW)
\etb@tempcnta=\count79
)
\beamer@tempbox=\box26
\beamer@tempcount=\count80
\c@beamerpauses=\count81

("C:\Users\MikaelAxelsson\AppData\Local\Programs\MiKTeX 2.9\tex\latex\beamer\be
amerbasedecode.sty"
\beamer@slideinframe=\count82
\beamer@minimum=\count83
)
\beamer@commentbox=\box27
\beamer@modecount=\count84
)
("C:\Users\MikaelAxelsson\AppData\Local\Programs\MiKTeX 2.9\tex\generic\oberdie
k\ifpdf.sty"
Package: ifpdf 2017/03/15 v3.2 Provides the ifpdf switch
)
\headdp=\dimen102
\footheight=\dimen103
\sidebarheight=\dimen104
\beamer@tempdim=\dimen105
\beamer@finalheight=\dimen106
\beamer@animht=\dimen107
\beamer@animdp=\dimen108
\beamer@animwd=\dimen109
\beamer@leftmargin=\dimen110
\beamer@rightmargin=\dimen111
\beamer@leftsidebar=\dimen112
\beamer@rightsidebar=\dimen113
\beamer@boxsize=\dimen114
\beamer@vboxoffset=\dimen115
\beamer@descdefault=\dimen116
\beamer@descriptionwidth=\dimen117
\beamer@lastskip=\skip41
\beamer@areabox=\box28
\beamer@animcurrent=\box29
\beamer@animshowbox=\box30
\beamer@sectionbox=\box31
\beamer@logobox=\box32
\beamer@linebox=\box33
\beamer@sectioncount=\count85
\beamer@subsubsectionmax=\count86
\beamer@subsectionmax=\count87
\beamer@sectionmax=\count88
\beamer@totalheads=\count89
\beamer@headcounter=\count90
\beamer@partstartpage=\count91
\beamer@sectionstartpage=\count92
\beamer@subsectionstartpage=\count93
\beamer@animationtempa=\count94
\beamer@animationtempb=\count95
\beamer@xpos=\count96
\beamer@ypos=\count97
\beamer@ypos@offset=\count98
\beamer@showpartnumber=\count99
\beamer@currentsubsection=\count100
\beamer@coveringdepth=\count101
\beamer@sectionadjust=\count102
\beamer@tocsectionnumber=\count103

("C:\Users\MikaelAxelsson\AppData\Local\Programs\MiKTeX 2.9\tex\latex\beamer\be
amerbaseoptions.sty"
("C:\Users\MikaelAxelsson\AppData\Local\Programs\MiKTeX 2.9\tex\latex\graphics\
keyval.sty"
Package: keyval 2014/10/28 v1.15 key=value parser (DPC)
\KV@toks@=\toks14
))
\beamer@paperwidth=\skip42
\beamer@paperheight=\skip43

("C:\Users\MikaelAxelsson\AppData\Local\Programs\MiKTeX 2.9\tex\latex\geometry\
geometry.sty"
Package: geometry 2010/09/12 v5.6 Page Geometry

("C:\Users\MikaelAxelsson\AppData\Local\Programs\MiKTeX 2.9\tex\generic\oberdie
k\ifvtex.sty"
Package: ifvtex 2016/05/16 v1.6 Detect VTeX and its facilities (HO)
Package ifvtex Info: VTeX not detected.
)
("C:\Users\MikaelAxelsson\AppData\Local\Programs\MiKTeX 2.9\tex\generic\ifxetex
\ifxetex.sty"
Package: ifxetex 2010/09/12 v0.6 Provides ifxetex conditional
)
\Gm@cnth=\count104
\Gm@cntv=\count105
\c@Gm@tempcnt=\count106
\Gm@bindingoffset=\dimen118
\Gm@wd@mp=\dimen119
\Gm@odd@mp=\dimen120
\Gm@even@mp=\dimen121
\Gm@layoutwidth=\dimen122
\Gm@layoutheight=\dimen123
\Gm@layouthoffset=\dimen124
\Gm@layoutvoffset=\dimen125
\Gm@dimlist=\toks15

("C:\Users\MikaelAxelsson\AppData\Local\Programs\MiKTeX 2.9\tex\latex\geometry\
geometry.cfg"))
("C:\Users\MikaelAxelsson\AppData\Local\Programs\MiKTeX 2.9\tex\latex\base\size
11.clo"
File: size11.clo 2014/09/29 v1.4h Standard LaTeX file (size option)
)
("C:\Users\MikaelAxelsson\AppData\Local\Programs\MiKTeX 2.9\tex\latex\pgf\basic
layer\pgfcore.sty"
("C:\Users\MikaelAxelsson\AppData\Local\Programs\MiKTeX 2.9\tex\latex\graphics\
graphicx.sty"
Package: graphicx 2017/06/01 v1.1a Enhanced LaTeX Graphics (DPC,SPQR)

("C:\Users\MikaelAxelsson\AppData\Local\Programs\MiKTeX 2.9\tex\latex\graphics\
graphics.sty"
Package: graphics 2017/06/25 v1.2c Standard LaTeX Graphics (DPC,SPQR)

("C:\Users\MikaelAxelsson\AppData\Local\Programs\MiKTeX 2.9\tex\latex\graphics\
trig.sty"
Package: trig 2016/01/03 v1.10 sin cos tan (DPC)
)
("C:\Users\MikaelAxelsson\AppData\Local\Programs\MiKTeX 2.9\tex\latex\graphics-
cfg\graphics.cfg"
File: graphics.cfg 2016/06/04 v1.11 sample graphics configuration
)
Package graphics Info: Driver file: pdftex.def on input line 99.

("C:\Users\MikaelAxelsson\AppData\Local\Programs\MiKTeX 2.9\tex\latex\graphics-
def\pdftex.def"
File: pdftex.def 2018/01/08 v1.0l Graphics/color driver for pdftex
))
\Gin@req@height=\dimen126
\Gin@req@width=\dimen127
)
("C:\Users\MikaelAxelsson\AppData\Local\Programs\MiKTeX 2.9\tex\latex\pgf\syste
mlayer\pgfsys.sty"
("C:\Users\MikaelAxelsson\AppData\Local\Programs\MiKTeX 2.9\tex\latex\pgf\utili
ties\pgfrcs.sty"
("C:\Users\MikaelAxelsson\AppData\Local\Programs\MiKTeX 2.9\tex\generic\pgf\uti
lities\pgfutil-common.tex"
\pgfutil@everybye=\toks16
\pgfutil@tempdima=\dimen128
\pgfutil@tempdimb=\dimen129

("C:\Users\MikaelAxelsson\AppData\Local\Programs\MiKTeX 2.9\tex\generic\pgf\uti
lities\pgfutil-common-lists.tex"))
("C:\Users\MikaelAxelsson\AppData\Local\Programs\MiKTeX 2.9\tex\generic\pgf\uti
lities\pgfutil-latex.def"
\pgfutil@abb=\box34

("C:\Users\MikaelAxelsson\AppData\Local\Programs\MiKTeX 2.9\tex\latex\ms\everys
hi.sty"
Package: everyshi 2001/05/15 v3.00 EveryShipout Package (MS)
))
("C:\Users\MikaelAxelsson\AppData\Local\Programs\MiKTeX 2.9\tex\generic\pgf\uti
lities\pgfrcs.code.tex"
Package: pgfrcs 2015/08/07 v3.0.1a (rcs-revision 1.31)
))
("C:\Users\MikaelAxelsson\AppData\Local\Programs\MiKTeX 2.9\tex\generic\pgf\sys
temlayer\pgfsys.code.tex"
Package: pgfsys 2014/07/09 v3.0.1a (rcs-revision 1.48)

("C:\Users\MikaelAxelsson\AppData\Local\Programs\MiKTeX 2.9\tex\generic\pgf\uti
lities\pgfkeys.code.tex"
\pgfkeys@pathtoks=\toks17
\pgfkeys@temptoks=\toks18

("C:\Users\MikaelAxelsson\AppData\Local\Programs\MiKTeX 2.9\tex\generic\pgf\uti
lities\pgfkeysfiltered.code.tex"
\pgfkeys@tmptoks=\toks19
))
\pgf@x=\dimen130
\pgf@y=\dimen131
\pgf@xa=\dimen132
\pgf@ya=\dimen133
\pgf@xb=\dimen134
\pgf@yb=\dimen135
\pgf@xc=\dimen136
\pgf@yc=\dimen137
\w@pgf@writea=\write3
\r@pgf@reada=\read1
\c@pgf@counta=\count107
\c@pgf@countb=\count108
\c@pgf@countc=\count109
\c@pgf@countd=\count110
\t@pgf@toka=\toks20
\t@pgf@tokb=\toks21
\t@pgf@tokc=\toks22

("C:\Users\MikaelAxelsson\AppData\Local\Programs\MiKTeX 2.9\tex\generic\pgf\sys
temlayer\pgf.cfg"
File: pgf.cfg 2008/05/14  (rcs-revision 1.7)
)
Driver file for pgf: pgfsys-pdftex.def

("C:\Users\MikaelAxelsson\AppData\Local\Programs\MiKTeX 2.9\tex\generic\pgf\sys
temlayer\pgfsys-pdftex.def"
File: pgfsys-pdftex.def 2014/10/11  (rcs-revision 1.35)

("C:\Users\MikaelAxelsson\AppData\Local\Programs\MiKTeX 2.9\tex\generic\pgf\sys
temlayer\pgfsys-common-pdf.def"
File: pgfsys-common-pdf.def 2013/10/10  (rcs-revision 1.13)
)))
("C:\Users\MikaelAxelsson\AppData\Local\Programs\MiKTeX 2.9\tex\generic\pgf\sys
temlayer\pgfsyssoftpath.code.tex"
File: pgfsyssoftpath.code.tex 2013/09/09  (rcs-revision 1.9)
\pgfsyssoftpath@smallbuffer@items=\count111
\pgfsyssoftpath@bigbuffer@items=\count112
)
("C:\Users\MikaelAxelsson\AppData\Local\Programs\MiKTeX 2.9\tex\generic\pgf\sys
temlayer\pgfsysprotocol.code.tex"
File: pgfsysprotocol.code.tex 2006/10/16  (rcs-revision 1.4)
))
("C:\Users\MikaelAxelsson\AppData\Local\Programs\MiKTeX 2.9\tex\latex\xcolor\xc
olor.sty"
Package: xcolor 2016/05/11 v2.12 LaTeX color extensions (UK)

("C:\Users\MikaelAxelsson\AppData\Local\Programs\MiKTeX 2.9\tex\latex\graphics-
cfg\color.cfg"
File: color.cfg 2016/01/02 v1.6 sample color configuration
)
Package xcolor Info: Driver file: pdftex.def on input line 225.
Package xcolor Info: Model `cmy' substituted by `cmy0' on input line 1348.
Package xcolor Info: Model `hsb' substituted by `rgb' on input line 1352.
Package xcolor Info: Model `RGB' extended on input line 1364.
Package xcolor Info: Model `HTML' substituted by `rgb' on input line 1366.
Package xcolor Info: Model `Hsb' substituted by `hsb' on input line 1367.
Package xcolor Info: Model `tHsb' substituted by `hsb' on input line 1368.
Package xcolor Info: Model `HSB' substituted by `hsb' on input line 1369.
Package xcolor Info: Model `Gray' substituted by `gray' on input line 1370.
Package xcolor Info: Model `wave' substituted by `hsb' on input line 1371.
)
("C:\Users\MikaelAxelsson\AppData\Local\Programs\MiKTeX 2.9\tex\generic\pgf\bas
iclayer\pgfcore.code.tex"
Package: pgfcore 2010/04/11 v3.0.1a (rcs-revision 1.7)

("C:\Users\MikaelAxelsson\AppData\Local\Programs\MiKTeX 2.9\tex\generic\pgf\mat
h\pgfmath.code.tex"
("C:\Users\MikaelAxelsson\AppData\Local\Programs\MiKTeX 2.9\tex\generic\pgf\mat
h\pgfmathcalc.code.tex"
("C:\Users\MikaelAxelsson\AppData\Local\Programs\MiKTeX 2.9\tex\generic\pgf\mat
h\pgfmathutil.code.tex")
("C:\Users\MikaelAxelsson\AppData\Local\Programs\MiKTeX 2.9\tex\generic\pgf\mat
h\pgfmathparser.code.tex"
\pgfmath@dimen=\dimen138
\pgfmath@count=\count113
\pgfmath@box=\box35
\pgfmath@toks=\toks23
\pgfmath@stack@operand=\toks24
\pgfmath@stack@operation=\toks25
)
("C:\Users\MikaelAxelsson\AppData\Local\Programs\MiKTeX 2.9\tex\generic\pgf\mat
h\pgfmathfunctions.code.tex"
("C:\Users\MikaelAxelsson\AppData\Local\Programs\MiKTeX 2.9\tex\generic\pgf\mat
h\pgfmathfunctions.basic.code.tex")
("C:\Users\MikaelAxelsson\AppData\Local\Programs\MiKTeX 2.9\tex\generic\pgf\mat
h\pgfmathfunctions.trigonometric.code.tex")
("C:\Users\MikaelAxelsson\AppData\Local\Programs\MiKTeX 2.9\tex\generic\pgf\mat
h\pgfmathfunctions.random.code.tex")
("C:\Users\MikaelAxelsson\AppData\Local\Programs\MiKTeX 2.9\tex\generic\pgf\mat
h\pgfmathfunctions.comparison.code.tex")
("C:\Users\MikaelAxelsson\AppData\Local\Programs\MiKTeX 2.9\tex\generic\pgf\mat
h\pgfmathfunctions.base.code.tex")
("C:\Users\MikaelAxelsson\AppData\Local\Programs\MiKTeX 2.9\tex\generic\pgf\mat
h\pgfmathfunctions.round.code.tex")
("C:\Users\MikaelAxelsson\AppData\Local\Programs\MiKTeX 2.9\tex\generic\pgf\mat
h\pgfmathfunctions.misc.code.tex")
("C:\Users\MikaelAxelsson\AppData\Local\Programs\MiKTeX 2.9\tex\generic\pgf\mat
h\pgfmathfunctions.integerarithmetics.code.tex")))
("C:\Users\MikaelAxelsson\AppData\Local\Programs\MiKTeX 2.9\tex\generic\pgf\mat
h\pgfmathfloat.code.tex"
\c@pgfmathroundto@lastzeros=\count114
))
("C:\Users\MikaelAxelsson\AppData\Local\Programs\MiKTeX 2.9\tex\generic\pgf\bas
iclayer\pgfcorepoints.code.tex"
File: pgfcorepoints.code.tex 2013/10/07  (rcs-revision 1.27)
\pgf@picminx=\dimen139
\pgf@picmaxx=\dimen140
\pgf@picminy=\dimen141
\pgf@picmaxy=\dimen142
\pgf@pathminx=\dimen143
\pgf@pathmaxx=\dimen144
\pgf@pathminy=\dimen145
\pgf@pathmaxy=\dimen146
\pgf@xx=\dimen147
\pgf@xy=\dimen148
\pgf@yx=\dimen149
\pgf@yy=\dimen150
\pgf@zx=\dimen151
\pgf@zy=\dimen152
)
("C:\Users\MikaelAxelsson\AppData\Local\Programs\MiKTeX 2.9\tex\generic\pgf\bas
iclayer\pgfcorepathconstruct.code.tex"
File: pgfcorepathconstruct.code.tex 2013/10/07  (rcs-revision 1.29)
\pgf@path@lastx=\dimen153
\pgf@path@lasty=\dimen154
)
("C:\Users\MikaelAxelsson\AppData\Local\Programs\MiKTeX 2.9\tex\generic\pgf\bas
iclayer\pgfcorepathusage.code.tex"
File: pgfcorepathusage.code.tex 2014/11/02  (rcs-revision 1.24)
\pgf@shorten@end@additional=\dimen155
\pgf@shorten@start@additional=\dimen156
)
("C:\Users\MikaelAxelsson\AppData\Local\Programs\MiKTeX 2.9\tex\generic\pgf\bas
iclayer\pgfcorescopes.code.tex"
File: pgfcorescopes.code.tex 2015/05/08  (rcs-revision 1.46)
\pgfpic=\box36
\pgf@hbox=\box37
\pgf@layerbox@main=\box38
\pgf@picture@serial@count=\count115
)
("C:\Users\MikaelAxelsson\AppData\Local\Programs\MiKTeX 2.9\tex\generic\pgf\bas
iclayer\pgfcoregraphicstate.code.tex"
File: pgfcoregraphicstate.code.tex 2014/11/02  (rcs-revision 1.12)
\pgflinewidth=\dimen157
)
("C:\Users\MikaelAxelsson\AppData\Local\Programs\MiKTeX 2.9\tex\generic\pgf\bas
iclayer\pgfcoretransformations.code.tex"
File: pgfcoretransformations.code.tex 2015/08/07  (rcs-revision 1.20)
\pgf@pt@x=\dimen158
\pgf@pt@y=\dimen159
\pgf@pt@temp=\dimen160
)
("C:\Users\MikaelAxelsson\AppData\Local\Programs\MiKTeX 2.9\tex\generic\pgf\bas
iclayer\pgfcorequick.code.tex"
File: pgfcorequick.code.tex 2008/10/09  (rcs-revision 1.3)
)
("C:\Users\MikaelAxelsson\AppData\Local\Programs\MiKTeX 2.9\tex\generic\pgf\bas
iclayer\pgfcoreobjects.code.tex"
File: pgfcoreobjects.code.tex 2006/10/11  (rcs-revision 1.2)
)
("C:\Users\MikaelAxelsson\AppData\Local\Programs\MiKTeX 2.9\tex\generic\pgf\bas
iclayer\pgfcorepathprocessing.code.tex"
File: pgfcorepathprocessing.code.tex 2013/09/09  (rcs-revision 1.9)
)
("C:\Users\MikaelAxelsson\AppData\Local\Programs\MiKTeX 2.9\tex\generic\pgf\bas
iclayer\pgfcorearrows.code.tex"
File: pgfcorearrows.code.tex 2015/05/14  (rcs-revision 1.43)
\pgfarrowsep=\dimen161
)
("C:\Users\MikaelAxelsson\AppData\Local\Programs\MiKTeX 2.9\tex\generic\pgf\bas
iclayer\pgfcoreshade.code.tex"
File: pgfcoreshade.code.tex 2013/07/15  (rcs-revision 1.15)
\pgf@max=\dimen162
\pgf@sys@shading@range@num=\count116
)
("C:\Users\MikaelAxelsson\AppData\Local\Programs\MiKTeX 2.9\tex\generic\pgf\bas
iclayer\pgfcoreimage.code.tex"
File: pgfcoreimage.code.tex 2013/07/15  (rcs-revision 1.18)

("C:\Users\MikaelAxelsson\AppData\Local\Programs\MiKTeX 2.9\tex\generic\pgf\bas
iclayer\pgfcoreexternal.code.tex"
File: pgfcoreexternal.code.tex 2014/07/09  (rcs-revision 1.21)
\pgfexternal@startupbox=\box39
))
("C:\Users\MikaelAxelsson\AppData\Local\Programs\MiKTeX 2.9\tex\generic\pgf\bas
iclayer\pgfcorelayers.code.tex"
File: pgfcorelayers.code.tex 2013/07/18  (rcs-revision 1.7)
)
("C:\Users\MikaelAxelsson\AppData\Local\Programs\MiKTeX 2.9\tex\generic\pgf\bas
iclayer\pgfcoretransparency.code.tex"
File: pgfcoretransparency.code.tex 2013/09/30  (rcs-revision 1.5)
)
("C:\Users\MikaelAxelsson\AppData\Local\Programs\MiKTeX 2.9\tex\generic\pgf\bas
iclayer\pgfcorepatterns.code.tex"
File: pgfcorepatterns.code.tex 2013/11/07  (rcs-revision 1.5)
)))
("C:\Users\MikaelAxelsson\AppData\Local\Programs\MiKTeX 2.9\tex\latex\pgf\utili
ties\xxcolor.sty"
Package: xxcolor 2003/10/24 ver 0.1
\XC@nummixins=\count117
\XC@countmixins=\count118
)
("C:\Users\MikaelAxelsson\AppData\Local\Programs\MiKTeX 2.9\tex\generic\oberdie
k\atbegshi.sty"
Package: atbegshi 2016/06/09 v1.18 At begin shipout hook (HO)

("C:\Users\MikaelAxelsson\AppData\Local\Programs\MiKTeX 2.9\tex\generic\oberdie
k\infwarerr.sty"
Package: infwarerr 2016/05/16 v1.4 Providing info/warning/error messages (HO)
)
("C:\Users\MikaelAxelsson\AppData\Local\Programs\MiKTeX 2.9\tex\generic\oberdie
k\ltxcmds.sty"
Package: ltxcmds 2016/05/16 v1.23 LaTeX kernel commands for general use (HO)
))
("C:\Users\MikaelAxelsson\AppData\Local\Programs\MiKTeX 2.9\tex\latex\hyperref\
hyperref.sty"
Package: hyperref 2018/02/06 v6.86b Hypertext links for LaTeX

("C:\Users\MikaelAxelsson\AppData\Local\Programs\MiKTeX 2.9\tex\generic\oberdie
k\hobsub-hyperref.sty"
Package: hobsub-hyperref 2016/05/16 v1.14 Bundle oberdiek, subset hyperref (HO)


("C:\Users\MikaelAxelsson\AppData\Local\Programs\MiKTeX 2.9\tex\generic\oberdie
k\hobsub-generic.sty"
Package: hobsub-generic 2016/05/16 v1.14 Bundle oberdiek, subset generic (HO)
Package: hobsub 2016/05/16 v1.14 Construct package bundles (HO)
Package hobsub Info: Skipping package `infwarerr' (already loaded).
Package hobsub Info: Skipping package `ltxcmds' (already loaded).
Package: ifluatex 2016/05/16 v1.4 Provides the ifluatex switch (HO)
Package ifluatex Info: LuaTeX not detected.
Package hobsub Info: Skipping package `ifvtex' (already loaded).
Package: intcalc 2016/05/16 v1.2 Expandable calculations with integers (HO)
Package hobsub Info: Skipping package `ifpdf' (already loaded).
Package: etexcmds 2016/05/16 v1.6 Avoid name clashes with e-TeX commands (HO)
Package etexcmds Info: Could not find \expanded.
(etexcmds)             That can mean that you are not using pdfTeX 1.50 or
(etexcmds)             that some package has redefined \expanded.
(etexcmds)             In the latter case, load this package earlier.
Package: kvsetkeys 2016/05/16 v1.17 Key value parser (HO)
Package: kvdefinekeys 2016/05/16 v1.4 Define keys (HO)
Package: pdftexcmds 2018/01/21 v0.26 Utility functions of pdfTeX for LuaTeX (HO
)
Package pdftexcmds Info: LuaTeX not detected.
Package pdftexcmds Info: \pdf@primitive is available.
Package pdftexcmds Info: \pdf@ifprimitive is available.
Package pdftexcmds Info: \pdfdraftmode found.
Package: pdfescape 2016/05/16 v1.14 Implements pdfTeX's escape features (HO)
Package: bigintcalc 2016/05/16 v1.4 Expandable calculations on big integers (HO
)
Package: bitset 2016/05/16 v1.2 Handle bit-vector datatype (HO)
Package: uniquecounter 2016/05/16 v1.3 Provide unlimited unique counter (HO)
)
Package hobsub Info: Skipping package `hobsub' (already loaded).
Package: letltxmacro 2016/05/16 v1.5 Let assignment for LaTeX macros (HO)
Package: hopatch 2016/05/16 v1.3 Wrapper for package hooks (HO)
Package: xcolor-patch 2016/05/16 xcolor patch
Package: atveryend 2016/05/16 v1.9 Hooks at the very end of document (HO)
Package hobsub Info: Skipping package `atbegshi' (already loaded).
Package: refcount 2016/05/16 v3.5 Data extraction from label references (HO)
Package: hycolor 2016/05/16 v1.8 Color options for hyperref/bookmark (HO)
)
("C:\Users\MikaelAxelsson\AppData\Local\Programs\MiKTeX 2.9\tex\latex\oberdiek\
auxhook.sty"
Package: auxhook 2016/05/16 v1.4 Hooks for auxiliary files (HO)
)
("C:\Users\MikaelAxelsson\AppData\Local\Programs\MiKTeX 2.9\tex\latex\oberdiek\
kvoptions.sty"
Package: kvoptions 2016/05/16 v3.12 Key value format for package options (HO)
)
\@linkdim=\dimen163
\Hy@linkcounter=\count119
\Hy@pagecounter=\count120

("C:\Users\MikaelAxelsson\AppData\Local\Programs\MiKTeX 2.9\tex\latex\hyperref\
pd1enc.def"
File: pd1enc.def 2018/02/06 v6.86b Hyperref: PDFDocEncoding definition (HO)
)
\Hy@SavedSpaceFactor=\count121

("C:\Users\MikaelAxelsson\AppData\Local\Programs\MiKTeX 2.9\tex\latex\00miktex\
hyperref.cfg"
File: hyperref.cfg 2002/06/06 v1.2 hyperref configuration of TeXLive
)
Package hyperref Info: Option `bookmarks' set `true' on input line 4383.
Package hyperref Info: Option `bookmarksopen' set `true' on input line 4383.
Package hyperref Info: Option `implicit' set `false' on input line 4383.
Package hyperref Info: Hyper figures OFF on input line 4509.
Package hyperref Info: Link nesting OFF on input line 4514.
Package hyperref Info: Hyper index ON on input line 4517.
Package hyperref Info: Plain pages OFF on input line 4524.
Package hyperref Info: Backreferencing OFF on input line 4529.
Package hyperref Info: Implicit mode OFF; no redefinition of LaTeX internals.
Package hyperref Info: Bookmarks ON on input line 4762.
\c@Hy@tempcnt=\count122

("C:\Users\MikaelAxelsson\AppData\Local\Programs\MiKTeX 2.9\tex\latex\url\url.s
ty"
\Urlmuskip=\muskip10
Package: url 2013/09/16  ver 3.4  Verb mode for urls, etc.
)
LaTeX Info: Redefining \url on input line 5115.
\XeTeXLinkMargin=\dimen164
\Fld@menulength=\count123
\Field@Width=\dimen165
\Fld@charsize=\dimen166
Package hyperref Info: Hyper figures OFF on input line 6369.
Package hyperref Info: Link nesting OFF on input line 6374.
Package hyperref Info: Hyper index ON on input line 6377.
Package hyperref Info: backreferencing OFF on input line 6384.
Package hyperref Info: Link coloring OFF on input line 6389.
Package hyperref Info: Link coloring with OCG OFF on input line 6394.
Package hyperref Info: PDF/A mode OFF on input line 6399.
LaTeX Info: Redefining \ref on input line 6439.
LaTeX Info: Redefining \pageref on input line 6443.
\Hy@abspage=\count124


Package hyperref Message: Stopped early.

)
Package hyperref Info: Driver (autodetected): hpdftex.

("C:\Users\MikaelAxelsson\AppData\Local\Programs\MiKTeX 2.9\tex\latex\hyperref\
hpdftex.def"
File: hpdftex.def 2018/02/06 v6.86b Hyperref driver for pdfTeX
\Fld@listcount=\count125
\c@bookmark@seq@number=\count126

("C:\Users\MikaelAxelsson\AppData\Local\Programs\MiKTeX 2.9\tex\latex\oberdiek\
rerunfilecheck.sty"
Package: rerunfilecheck 2016/05/16 v1.8 Rerun checks for auxiliary files (HO)
Package uniquecounter Info: New unique counter `rerunfilecheck' on input line 2
82.
))
("C:\Users\MikaelAxelsson\AppData\Local\Programs\MiKTeX 2.9\tex\latex\beamer\be
amerbaserequires.sty"
("C:\Users\MikaelAxelsson\AppData\Local\Programs\MiKTeX 2.9\tex\latex\beamer\be
amerbasecompatibility.sty")
("C:\Users\MikaelAxelsson\AppData\Local\Programs\MiKTeX 2.9\tex\latex\beamer\be
amerbasefont.sty"
("C:\Users\MikaelAxelsson\AppData\Local\Programs\MiKTeX 2.9\tex\latex\amsfonts\
amssymb.sty"
Package: amssymb 2013/01/14 v3.01 AMS font symbols

("C:\Users\MikaelAxelsson\AppData\Local\Programs\MiKTeX 2.9\tex\latex\amsfonts\
amsfonts.sty"
Package: amsfonts 2013/01/14 v3.01 Basic AMSFonts support
\@emptytoks=\toks26
\symAMSa=\mathgroup4
\symAMSb=\mathgroup5
LaTeX Font Info:    Overwriting math alphabet `\mathfrak' in version `bold'
(Font)                  U/euf/m/n --> U/euf/b/n on input line 106.
))
("C:\Users\MikaelAxelsson\AppData\Local\Programs\MiKTeX 2.9\tex\latex\sansmatha
ccent\sansmathaccent.sty"
Package: sansmathaccent 2013/03/28

("C:\Users\MikaelAxelsson\AppData\Local\Programs\MiKTeX 2.9\tex\latex\filehook\
filehook.sty"
Package: filehook 2011/10/12 v0.5d Hooks for input files
)))
("C:\Users\MikaelAxelsson\AppData\Local\Programs\MiKTeX 2.9\tex\latex\beamer\be
amerbasetranslator.sty"
("C:\Users\MikaelAxelsson\AppData\Local\Programs\MiKTeX 2.9\tex\latex\translato
r\translator.sty"
Package: translator 2018/01/04 v1.12 Easy translation of strings in LaTeX
))
("C:\Users\MikaelAxelsson\AppData\Local\Programs\MiKTeX 2.9\tex\latex\beamer\be
amerbasemisc.sty")
("C:\Users\MikaelAxelsson\AppData\Local\Programs\MiKTeX 2.9\tex\latex\beamer\be
amerbasetwoscreens.sty")
("C:\Users\MikaelAxelsson\AppData\Local\Programs\MiKTeX 2.9\tex\latex\beamer\be
amerbaseoverlay.sty"
\beamer@argscount=\count127
\beamer@lastskipcover=\skip44
\beamer@trivlistdepth=\count128
)
("C:\Users\MikaelAxelsson\AppData\Local\Programs\MiKTeX 2.9\tex\latex\beamer\be
amerbasetitle.sty")
("C:\Users\MikaelAxelsson\AppData\Local\Programs\MiKTeX 2.9\tex\latex\beamer\be
amerbasesection.sty"
\c@lecture=\count129
\c@part=\count130
\c@section=\count131
\c@subsection=\count132
\c@subsubsection=\count133
)
("C:\Users\MikaelAxelsson\AppData\Local\Programs\MiKTeX 2.9\tex\latex\beamer\be
amerbaseframe.sty"
\beamer@framebox=\box40
\beamer@frametitlebox=\box41
\beamer@zoombox=\box42
\beamer@zoomcount=\count134
\beamer@zoomframecount=\count135
\beamer@frametextheight=\dimen167
\c@subsectionslide=\count136
\beamer@frametopskip=\skip45
\beamer@framebottomskip=\skip46
\beamer@frametopskipautobreak=\skip47
\beamer@framebottomskipautobreak=\skip48
\beamer@envbody=\toks27
\framewidth=\dimen168
\c@framenumber=\count137
)
("C:\Users\MikaelAxelsson\AppData\Local\Programs\MiKTeX 2.9\tex\latex\beamer\be
amerbaseverbatim.sty"
\beamer@verbatimfileout=\write4
)
("C:\Users\MikaelAxelsson\AppData\Local\Programs\MiKTeX 2.9\tex\latex\beamer\be
amerbaseframesize.sty"
\beamer@splitbox=\box43
\beamer@autobreakcount=\count138
\beamer@autobreaklastheight=\dimen169
\beamer@frametitletoks=\toks28
\beamer@framesubtitletoks=\toks29
)
("C:\Users\MikaelAxelsson\AppData\Local\Programs\MiKTeX 2.9\tex\latex\beamer\be
amerbaseframecomponents.sty"
\beamer@footins=\box44
)
("C:\Users\MikaelAxelsson\AppData\Local\Programs\MiKTeX 2.9\tex\latex\beamer\be
amerbasecolor.sty"
\beamer@bg@ht=\dimen170
\beamer@bg@wd=\dimen171
\beamer@bg@dp=\dimen172
)
("C:\Users\MikaelAxelsson\AppData\Local\Programs\MiKTeX 2.9\tex\latex\beamer\be
amerbasenotes.sty"
\beamer@frameboxcopy=\box45
)
("C:\Users\MikaelAxelsson\AppData\Local\Programs\MiKTeX 2.9\tex\latex\beamer\be
amerbasetoc.sty")
("C:\Users\MikaelAxelsson\AppData\Local\Programs\MiKTeX 2.9\tex\latex\beamer\be
amerbasetemplates.sty"
\beamer@sbttoks=\toks30

("C:\Users\MikaelAxelsson\AppData\Local\Programs\MiKTeX 2.9\tex\latex\beamer\be
amerbaseauxtemplates.sty"
("C:\Users\MikaelAxelsson\AppData\Local\Programs\MiKTeX 2.9\tex\latex\beamer\be
amerbaseboxes.sty"
\bmb@box=\box46
\bmb@colorbox=\box47
\bmb@boxshadow=\box48
\bmb@boxshadowball=\box49
\bmb@boxshadowballlarge=\box50
\bmb@temp=\dimen173
\bmb@dima=\dimen174
\bmb@dimb=\dimen175
\bmb@prevheight=\dimen176
)
\beamer@blockheadheight=\dimen177
))
("C:\Users\MikaelAxelsson\AppData\Local\Programs\MiKTeX 2.9\tex\latex\beamer\be
amerbaselocalstructure.sty"
("C:\Users\MikaelAxelsson\AppData\Local\Programs\MiKTeX 2.9\tex\latex\tools\enu
merate.sty"
Package: enumerate 2015/07/23 v3.00 enumerate extensions (DPC)
\@enLab=\toks31
)
\c@figure=\count139
\c@table=\count140
\abovecaptionskip=\skip49
\belowcaptionskip=\skip50
)
("C:\Users\MikaelAxelsson\AppData\Local\Programs\MiKTeX 2.9\tex\latex\beamer\be
amerbasenavigation.sty"
\beamer@section@min@dim=\dimen178
)
("C:\Users\MikaelAxelsson\AppData\Local\Programs\MiKTeX 2.9\tex\latex\beamer\be
amerbasetheorems.sty"
("C:\Users\MikaelAxelsson\AppData\Local\Programs\MiKTeX 2.9\tex\latex\amsmath\a
msmath.sty"
Package: amsmath 2017/09/02 v2.17a AMS math features
\@mathmargin=\skip51

For additional information on amsmath, use the `?' option.

("C:\Users\MikaelAxelsson\AppData\Local\Programs\MiKTeX 2.9\tex\latex\amsmath\a
mstext.sty"
Package: amstext 2000/06/29 v2.01 AMS text

("C:\Users\MikaelAxelsson\AppData\Local\Programs\MiKTeX 2.9\tex\latex\amsmath\a
msgen.sty"
File: amsgen.sty 1999/11/30 v2.0 generic functions
\@emptytoks=\toks32
\ex@=\dimen179
))
("C:\Users\MikaelAxelsson\AppData\Local\Programs\MiKTeX 2.9\tex\latex\amsmath\a
msbsy.sty"
Package: amsbsy 1999/11/29 v1.2d Bold Symbols
\pmbraise@=\dimen180
)
("C:\Users\MikaelAxelsson\AppData\Local\Programs\MiKTeX 2.9\tex\latex\amsmath\a
msopn.sty"
Package: amsopn 2016/03/08 v2.02 operator names
)
\inf@bad=\count141
LaTeX Info: Redefining \frac on input line 213.
\uproot@=\count142
\leftroot@=\count143
LaTeX Info: Redefining \overline on input line 375.
\classnum@=\count144
\DOTSCASE@=\count145
LaTeX Info: Redefining \ldots on input line 472.
LaTeX Info: Redefining \dots on input line 475.
LaTeX Info: Redefining \cdots on input line 596.
\Mathstrutbox@=\box51
\strutbox@=\box52
\big@size=\dimen181
LaTeX Font Info:    Redeclaring font encoding OML on input line 712.
LaTeX Font Info:    Redeclaring font encoding OMS on input line 713.
\macc@depth=\count146
\c@MaxMatrixCols=\count147
\dotsspace@=\muskip11
\c@parentequation=\count148
\dspbrk@lvl=\count149
\tag@help=\toks33
\row@=\count150
\column@=\count151
\maxfields@=\count152
\andhelp@=\toks34
\eqnshift@=\dimen182
\alignsep@=\dimen183
\tagshift@=\dimen184
\tagwidth@=\dimen185
\totwidth@=\dimen186
\lineht@=\dimen187
\@envbody=\toks35
\multlinegap=\skip52
\multlinetaggap=\skip53
\mathdisplay@stack=\toks36
LaTeX Info: Redefining \[ on input line 2817.
LaTeX Info: Redefining \] on input line 2818.
)
("C:\Users\MikaelAxelsson\AppData\Local\Programs\MiKTeX 2.9\tex\latex\amscls\am
sthm.sty"
Package: amsthm 2017/10/31 v2.20.4
\thm@style=\toks37
\thm@bodyfont=\toks38
\thm@headfont=\toks39
\thm@notefont=\toks40
\thm@headpunct=\toks41
\thm@preskip=\skip54
\thm@postskip=\skip55
\thm@headsep=\skip56
\dth@everypar=\toks42
)
\c@theorem=\count153
)
("C:\Users\MikaelAxelsson\AppData\Local\Programs\MiKTeX 2.9\tex\latex\beamer\be
amerbasethemes.sty"))
("C:\Users\MikaelAxelsson\AppData\Local\Programs\MiKTeX 2.9\tex\latex\beamer\be
amerthemedefault.sty"
("C:\Users\MikaelAxelsson\AppData\Local\Programs\MiKTeX 2.9\tex\latex\beamer\be
amerfontthemedefault.sty")
("C:\Users\MikaelAxelsson\AppData\Local\Programs\MiKTeX 2.9\tex\latex\beamer\be
amercolorthemedefault.sty")
("C:\Users\MikaelAxelsson\AppData\Local\Programs\MiKTeX 2.9\tex\latex\beamer\be
amerinnerthemedefault.sty"
\beamer@dima=\dimen188
\beamer@dimb=\dimen189
)
("C:\Users\MikaelAxelsson\AppData\Local\Programs\MiKTeX 2.9\tex\latex\beamer\be
amerouterthemedefault.sty"))) (settings/packages.tex)
("C:\Users\MikaelAxelsson\AppData\Local\Programs\MiKTeX 2.9\tex\latex\beamer\mu
ltimedia.sty"
Package: multimedia 2012/05/02 ver 0.02
\mm@movie=\count154
) (settings/page.tex
("C:\Users\MikaelAxelsson\AppData\Local\Programs\MiKTeX 2.9\tex\latex\beamer\be
amerthemeBerkeley.sty"
("C:\Users\MikaelAxelsson\AppData\Local\Programs\MiKTeX 2.9\tex\latex\beamer\be
amerouterthemesidebar.sty"
\beamer@sidebarwidth=\dimen190
\beamer@headheight=\dimen191
)
("C:\Users\MikaelAxelsson\AppData\Local\Programs\MiKTeX 2.9\tex\latex\beamer\be
amerinnerthemerectangles.sty")
("C:\Users\MikaelAxelsson\AppData\Local\Programs\MiKTeX 2.9\tex\latex\beamer\be
amercolorthemewhale.sty")
("C:\Users\MikaelAxelsson\AppData\Local\Programs\MiKTeX 2.9\tex\latex\beamer\be
amercolorthemeorchid.sty"))
("C:\Users\MikaelAxelsson\AppData\Local\Programs\MiKTeX 2.9\tex\latex\beamer\be
amerfontthemeprofessionalfonts.sty")) (settings/macros.tex) (main.aux)
\openout1 = `main.aux'.

LaTeX Font Info:    Checking defaults for OML/cmm/m/it on input line 19.
LaTeX Font Info:    ... okay on input line 19.
LaTeX Font Info:    Checking defaults for T1/cmr/m/n on input line 19.
LaTeX Font Info:    ... okay on input line 19.
LaTeX Font Info:    Checking defaults for OT1/cmr/m/n on input line 19.
LaTeX Font Info:    ... okay on input line 19.
LaTeX Font Info:    Checking defaults for OMS/cmsy/m/n on input line 19.
LaTeX Font Info:    ... okay on input line 19.
LaTeX Font Info:    Checking defaults for OMX/cmex/m/n on input line 19.
LaTeX Font Info:    ... okay on input line 19.
LaTeX Font Info:    Checking defaults for U/cmr/m/n on input line 19.
LaTeX Font Info:    ... okay on input line 19.
LaTeX Font Info:    Checking defaults for PD1/pdf/m/n on input line 19.
LaTeX Font Info:    ... okay on input line 19.

*geometry* driver: auto-detecting
*geometry* detected driver: pdftex
*geometry* verbose mode - [ preamble ] result:
* driver: pdftex
* paper: custom
* layout: <same size as paper>
* layoutoffset:(h,v)=(0.0pt,0.0pt)
* modes: includehead includefoot 
* h-part:(L,W,R)=(59.22636pt, 290.74263pt, 14.22636pt)
* v-part:(T,H,B)=(0.0pt, 273.14662pt, 0.0pt)
* \paperwidth=364.19536pt
* \paperheight=273.14662pt
* \textwidth=290.74263pt
* \textheight=244.6939pt
* \oddsidemargin=-13.04362pt
* \evensidemargin=-13.04362pt
* \topmargin=-72.26999pt
* \headheight=14.22636pt
* \headsep=0.0pt
* \topskip=11.0pt
* \footskip=14.22636pt
* \marginparwidth=4.0pt
* \marginparsep=10.0pt
* \columnsep=10.0pt
* \skip\footins=10.0pt plus 4.0pt minus 2.0pt
* \hoffset=0.0pt
* \voffset=0.0pt
* \mag=1000
* \@twocolumnfalse
* \@twosidefalse
* \@mparswitchfalse
* \@reversemarginfalse
* (1in=72.27pt=25.4mm, 1cm=28.453pt)


("C:\Users\MikaelAxelsson\AppData\Local\Programs\MiKTeX 2.9\tex\context\base\su
pp-pdf.mkii"
[Loading MPS to PDF converter (version 2006.09.02).]
\scratchcounter=\count155
\scratchdimen=\dimen192
\scratchbox=\box53
\nofMPsegments=\count156
\nofMParguments=\count157
\everyMPshowfont=\toks43
\MPscratchCnt=\count158
\MPscratchDim=\dimen193
\MPnumerator=\count159
\makeMPintoPDFobject=\count160
\everyMPtoPDFconversion=\toks44
)
("C:\Users\MikaelAxelsson\AppData\Local\Programs\MiKTeX 2.9\tex\latex\oberdiek\
epstopdf-base.sty"
Package: epstopdf-base 2016/05/15 v2.6 Base part for package epstopdf

("C:\Users\MikaelAxelsson\AppData\Local\Programs\MiKTeX 2.9\tex\latex\oberdiek\
grfext.sty"
Package: grfext 2016/05/16 v1.2 Manage graphics extensions (HO)
)
Package epstopdf-base Info: Redefining graphics rule for `.eps' on input line 4
38.
Package grfext Info: Graphics extension search list:
(grfext)             [.pdf,.png,.jpg,.mps,.jpeg,.jbig2,.jb2,.PDF,.PNG,.JPG,.JPE
G,.JBIG2,.JB2,.eps]
(grfext)             \AppendGraphicsExtensions on input line 456.
) ABD: EveryShipout initializing macros
\AtBeginShipoutBox=\box54
Package hyperref Info: Link coloring OFF on input line 19.

("C:\Users\MikaelAxelsson\AppData\Local\Programs\MiKTeX 2.9\tex\latex\hyperref\
nameref.sty"
Package: nameref 2016/05/21 v2.44 Cross-referencing by name of section

("C:\Users\MikaelAxelsson\AppData\Local\Programs\MiKTeX 2.9\tex\generic\oberdie
k\gettitlestring.sty"
Package: gettitlestring 2016/05/16 v1.5 Cleanup title references (HO)
)
\c@section@level=\count161
)
LaTeX Info: Redefining \ref on input line 19.
LaTeX Info: Redefining \pageref on input line 19.
LaTeX Info: Redefining \nameref on input line 19.
 (main.out) (main.out)
\@outlinefile=\write5
\openout5 = `main.out'.


("C:\Users\MikaelAxelsson\AppData\Local\Programs\MiKTeX 2.9\tex\latex\translato
r\translator-basic-dictionary-English.dict"
Dictionary: translator-basic-dictionary, Language: English 
)
("C:\Users\MikaelAxelsson\AppData\Local\Programs\MiKTeX 2.9\tex\latex\translato
r\translator-bibliography-dictionary-English.dict"
Dictionary: translator-bibliography-dictionary, Language: English 
)
("C:\Users\MikaelAxelsson\AppData\Local\Programs\MiKTeX 2.9\tex\latex\translato
r\translator-environment-dictionary-English.dict"
Dictionary: translator-environment-dictionary, Language: English 
)
("C:\Users\MikaelAxelsson\AppData\Local\Programs\MiKTeX 2.9\tex\latex\translato
r\translator-months-dictionary-English.dict"
Dictionary: translator-months-dictionary, Language: English 
)
("C:\Users\MikaelAxelsson\AppData\Local\Programs\MiKTeX 2.9\tex\latex\translato
r\translator-numbers-dictionary-English.dict"
Dictionary: translator-numbers-dictionary, Language: English 
)
("C:\Users\MikaelAxelsson\AppData\Local\Programs\MiKTeX 2.9\tex\latex\translato
r\translator-theorem-dictionary-English.dict"
Dictionary: translator-theorem-dictionary, Language: English 
) (main.nav)

Package hyperref Warning: Option `pdfauthor' has already been used,
(hyperref)                setting the option has no effect on input line 25.

<figures/cube.png, id=69, 287.57437pt x 296.60812pt>
File: figures/cube.png Graphic file (type png)
<use figures/cube.png>
Package pdftex.def Info: figures/cube.png  used on input line 30.
(pdftex.def)             Requested size: 58.14763pt x 59.97229pt.
[1{C:/Users/MikaelAxelsson/AppData/Local/MiKTeX/2.9/pdftex/config/pdftex.map}

 <./figures/cube.png>] (main.toc) [2

] (main.toc) [3

]
LaTeX Font Info:    Try loading font information for U+msa on input line 68.

("C:\Users\MikaelAxelsson\AppData\Local\Programs\MiKTeX 2.9\tex\latex\amsfonts\
umsa.fd"
File: umsa.fd 2013/01/14 v3.01 AMS symbols A
)
LaTeX Font Info:    Try loading font information for U+msb on input line 68.

("C:\Users\MikaelAxelsson\AppData\Local\Programs\MiKTeX 2.9\tex\latex\amsfonts\
umsb.fd"
File: umsb.fd 2013/01/14 v3.01 AMS symbols B
) [4

] [5

] [6

] [7

] [8

] [9

] [10

] [11

]
LaTeX Font Info:    Try loading font information for OMS+cmtt on input line 81.

LaTeX Font Info:    No file OMScmtt.fd. on input line 81.


LaTeX Font Warning: Font shape `OMS/cmtt/m/n' undefined
(Font)              using `OMS/cmsy/m/n' instead
(Font)              for symbol `textbraceleft' on input line 81.

[12

] [13

] [14

] (main.toc) [15

] [16

] [17

] [18

]
File: figures/cube.png Graphic file (type png)
<use figures/cube.png>
Package pdftex.def Info: figures/cube.png  used on input line 135.
(pdftex.def)             Requested size: 58.14763pt x 59.97229pt.
 [19

]
<figures/arrow.png, id=522, 645.91313pt x 365.11406pt>
File: figures/arrow.png Graphic file (type png)
<use figures/arrow.png>
Package pdftex.def Info: figures/arrow.png  used on input line 149.
(pdftex.def)             Requested size: 85.35826pt x 48.24644pt.
File: figures/cube.png Graphic file (type png)
<use figures/cube.png>
Package pdftex.def Info: figures/cube.png  used on input line 149.
(pdftex.def)             Requested size: 56.9055pt x 58.69147pt.
File: figures/arrow.png Graphic file (type png)
<use figures/arrow.png>
Package pdftex.def Info: figures/arrow.png  used on input line 149.
(pdftex.def)             Requested size: 85.35826pt x 48.24644pt.
File: figures/cube.png Graphic file (type png)
<use figures/cube.png>
Package pdftex.def Info: figures/cube.png  used on input line 149.
(pdftex.def)             Requested size: 56.9055pt x 58.69147pt.
 [20

 <./figures/arrow.png>]
[21

] [22

] [23

] [24

] [25

] [26

] [27

] [28

]
File: figures/cube.png Graphic file (type png)
<use figures/cube.png>
Package pdftex.def Info: figures/cube.png  used on input line 203.
(pdftex.def)             Requested size: 58.14763pt x 59.97229pt.
 [29

]
File: figures/cube.png Graphic file (type png)
<use figures/cube.png>
Package pdftex.def Info: figures/cube.png  used on input line 203.
(pdftex.def)             Requested size: 58.14763pt x 59.97229pt.
 [30

]
File: figures/arrow.png Graphic file (type png)
<use figures/arrow.png>
Package pdftex.def Info: figures/arrow.png  used on input line 203.
(pdftex.def)             Requested size: 130.83328pt x 73.9519pt.
 [31

]
Missing character: There is no Ã in font cmss10!
Missing character: There is no ¶ in font cmss10!
 [32

] [33

] [34

] [35

]
[36

] [37

] [38

] [39

] (main.toc) [40

] [41

]
\tf@nav=\write6
\openout6 = `main.nav'.

\tf@toc=\write7
\openout7 = `main.toc'.

\tf@snm=\write8
\openout8 = `main.snm'.

Package atveryend Info: Empty hook `BeforeClearDocument' on input line 288.
Package atveryend Info: Empty hook `AfterLastShipout' on input line 288.
 (main.aux)
Package atveryend Info: Executing hook `AtVeryEndDocument' on input line 288.
Package atveryend Info: Executing hook `AtEndAfterFileList' on input line 288.
Package rerunfilecheck Info: File `main.out' has not changed.
(rerunfilecheck)             Checksum: FD3E3C02F6DB01908FC03DF9FE293D43;976.


LaTeX Font Warning: Some font shapes were not available, defaults substituted.

 ) 
Here is how much of TeX's memory you used:
 17370 strings out of 493305
 340883 string characters out of 3125887
 399818 words of memory out of 3000000
 20404 multiletter control sequences out of 15000+200000
 10935 words of font info for 41 fonts, out of 3000000 for 9000
 1141 hyphenation exceptions out of 8191
 56i,16n,66p,773b,669s stack positions out of 5000i,500n,10000p,200000b,50000s
<C:/Users/MikaelAxelsson/AppData/Local/Programs/MiKTeX 2.9/fonts/type1/public
/amsfonts/cm/cmex10.pfb><C:/Users/MikaelAxelsson/AppData/Local/Programs/MiKTeX 
2.9/fonts/type1/public/amsfonts/cm/cmmi10.pfb><C:/Users/MikaelAxelsson/AppData/
Local/Programs/MiKTeX 2.9/fonts/type1/public/amsfonts/cm/cmmi8.pfb><C:/Users/Mi
kaelAxelsson/AppData/Local/Programs/MiKTeX 2.9/fonts/type1/public/amsfonts/cm/c
mr10.pfb><C:/Users/MikaelAxelsson/AppData/Local/Programs/MiKTeX 2.9/fonts/type1
/public/amsfonts/cm/cmr8.pfb><C:/Users/MikaelAxelsson/AppData/Local/Programs/Mi
KTeX 2.9/fonts/type1/public/amsfonts/cm/cmss10.pfb><C:/Users/MikaelAxelsson/App
Data/Local/Programs/MiKTeX 2.9/fonts/type1/public/amsfonts/cm/cmss12.pfb><C:/Us
ers/MikaelAxelsson/AppData/Local/Programs/MiKTeX 2.9/fonts/type1/public/amsfont
s/cm/cmss8.pfb><C:/Users/MikaelAxelsson/AppData/Local/Programs/MiKTeX 2.9/fonts
/type1/public/amsfonts/cm/cmssi10.pfb><C:/Users/MikaelAxelsson/AppData/Local/Pr
ograms/MiKTeX 2.9/fonts/type1/public/amsfonts/cm/cmsy10.pfb><C:/Users/MikaelAxe
lsson/AppData/Local/Programs/MiKTeX 2.9/fonts/type1/public/amsfonts/cm/cmtt10.p
fb>
Output written on main.pdf (41 pages, 347076 bytes).
PDF statistics:
 1034 PDF objects out of 1200 (max. 8388607)
 97 named destinations out of 1000 (max. 500000)
 169 words of extra memory for PDF output out of 10000 (max. 10000000)

